<?xml version="1.0" encoding="UTF-8"?>
<testng-results ignored="0" total="1" passed="1" failed="0" skipped="0">
  <reporter-output>
  </reporter-output>
  <suite started-at="2021-01-05T13:07:01 PET" name="Default suite" finished-at="2021-01-05T13:07:40 PET" duration-ms="38565">
    <groups>
    </groups>
    <test started-at="2021-01-05T13:07:01 PET" name="Default test" finished-at="2021-01-05T13:07:40 PET" duration-ms="38565">
      <class name="test.ProyectoTest1">
        <test-method is-config="true" signature="setUp()[pri:0, instance:test.ProyectoTest1@5bfa9431]" started-at="2021-01-05T13:07:01 PET" name="setUp" finished-at="2021-01-05T13:07:15 PET" duration-ms="13649" status="PASS">
          <reporter-output>
          </reporter-output>
        </test-method> <!-- setUp -->
        <test-method signature="llenarCuestionario()[pri:0, instance:test.ProyectoTest1@5bfa9431]" started-at="2021-01-05T13:07:15 PET" name="llenarCuestionario" finished-at="2021-01-05T13:07:39 PET" duration-ms="24197" status="PASS">
          <reporter-output>
          </reporter-output>
        </test-method> <!-- llenarCuestionario -->
        <test-method is-config="true" signature="tearDown()[pri:0, instance:test.ProyectoTest1@5bfa9431]" started-at="2021-01-05T13:07:39 PET" name="tearDown" finished-at="2021-01-05T13:07:39 PET" duration-ms="675" status="PASS">
          <reporter-output>
          </reporter-output>
        </test-method> <!-- tearDown -->
      </class> <!-- test.ProyectoTest1 -->
    </test> <!-- Default test -->
  </suite> <!-- Default suite -->
</testng-results>
